<?xml version="1.0" encoding="UTF-8"?>
<!-- Generated by org.testng.reporters.JUnitXMLReporter -->
<testsuite ignored="0" hostname="IN3TADW0GNFD0B3" failures="1" tests="1" name="Smoke Suite" time="105.437" errors="0" timestamp="2026-03-25T11:26:00 IST">
  <testcase classname="io.cucumber.testng.AbstractTestNGCucumberTests" name="runScenario" time="103.523">
    <failure type="java.lang.AssertionError" message="expected [true] but found [false]">
      <![CDATA[java.lang.AssertionError: expected [true] but found [false]
at stepdefinitions.LoginSteps.verify_login_screen_is_displayed(LoginSteps.java:46)
at ✽.verify login screen is displayed(file:///C:/Users/SrujanKumarReddyM(TA/CucumberFrameWork/cucu/src/test/resources/features/Login.feature:18)
... Removed 4 stack frames]]>
    </failure>
  </testcase> <!-- runScenario -->
</testsuite> <!-- Smoke Suite -->
