<?xml version="1.0" encoding="UTF-8"?>
<!-- Generated by org.testng.reporters.JUnitReportReporter -->
<testsuite hostname="IN3TADW0GNFD0B3" failures="0" tests="3" name="runners.NegativeTestRunner" time="124.359" errors="0" timestamp="2026-03-25T11:26:44 IST" skipped="0">
  <testcase classname="runners.NegativeTestRunner" name="runScenario" time="36.617"/>
  <testcase classname="runners.NegativeTestRunner" name="runScenario" time="43.655"/>
  <testcase classname="runners.NegativeTestRunner" name="runScenario" time="44.087"/>
</testsuite> <!-- runners.NegativeTestRunner -->
