<?xml version="1.0" encoding="UTF-8"?>
<!-- Generated by org.testng.reporters.JUnitReportReporter -->
<testsuite hostname="IN3TADW0GNFD0B3" failures="1" tests="1" name="runners.SmokeTestRunner" time="103.526" errors="0" timestamp="2026-03-25T11:26:44 IST" skipped="0">
  <testcase classname="runners.SmokeTestRunner" name="runScenario" time="103.526">
    <failure message="expected [true] but found [false]" type="java.lang.AssertionError">
      <![CDATA[java.lang.AssertionError: expected [true] but found [false]
at org.testng.Assert.fail(Assert.java:111)
at org.testng.Assert.failNotEquals(Assert.java:1578)
at org.testng.Assert.assertTrue(Assert.java:57)
at org.testng.Assert.assertTrue(Assert.java:67)
at stepdefinitions.LoginSteps.verify_login_screen_is_displayed(LoginSteps.java:46)
at ✽.verify login screen is displayed(file:///C:/Users/SrujanKumarReddyM(TA/CucumberFrameWork/cucu/src/test/resources/features/Login.feature:18)
]]>
    </failure>
  </testcase> <!-- runScenario -->
</testsuite> <!-- runners.SmokeTestRunner -->
