<?xml version="1.0" encoding="UTF-8"?>
<testsuite xmlns:xsi="http://www.w3.org/2001/XMLSchema-instance" xsi:noNamespaceSchemaLocation="https://maven.apache.org/surefire/maven-surefire-plugin/xsd/surefire-test-report-3.0.xsd" version="3.0" name="TestSuite" time="152.663" tests="4" errors="0" skipped="0" failures="1">
  <properties>
[...]
</properties>
  <testcase name="runScenario[&quot;Valid Login&quot;, &quot;Login&quot;](1)" classname="runners.SmokeTestRunner" time="103.554">
    <failure message="expected [true] but found [false]" type="java.lang.AssertionError"><![CDATA[java.lang.AssertionError: expected [true] but found [false]
	at org.testng.Assert.fail(Assert.java:111)
	at org.testng.Assert.failNotEquals(Assert.java:1578)
	at org.testng.Assert.assertTrue(Assert.java:57)
	at org.testng.Assert.assertTrue(Assert.java:67)
	at stepdefinitions.LoginSteps.verify_login_screen_is_displayed(LoginSteps.java:46)
	at ✽.verify login screen is displayed(file:///C:/Users/SrujanKumarReddyM(TA/CucumberFrameWork/cucu/src/test/resources/features/Login.feature:18)
]]></failure>
    <system-out><![CDATA[
@smoke
Scenario: Valid Login                       &amp#27;[90m# src/test/resources/features/Login.feature:16&amp#27;[0m
  &amp#27;[32mGiven &amp#27;[0m&amp#27;[32mUser logs in with valid credentials&amp#27;[0m &amp#27;[90m# stepdefinitions.LoginSteps.loginUser()&amp#27;[0m
  &amp#27;[31mThen &amp#27;[0m&amp#27;[31mverify login screen is displayed&amp#27;[0m     &amp#27;[90m# stepdefinitions.LoginSteps.verify_login_screen_is_displayed()&amp#27;[0m
      &amp#27;[31mjava.lang.AssertionError: expected [true] but found [false]
	at org.testng.Assert.fail(Assert.java:111)
	at org.testng.Assert.failNotEquals(Assert.java:1578)
	at org.testng.Assert.assertTrue(Assert.java:57)
	at org.testng.Assert.assertTrue(Assert.java:67)
	at stepdefinitions.LoginSteps.verify_login_screen_is_displayed(LoginSteps.java:46)
	at âœ½.verify login screen is displayed(file:///C:/Users/SrujanKumarReddyM(TA/CucumberFrameWork/cucu/src/test/resources/features/Login.feature:18)
&amp#27;[0m
]]></system-out>
    <system-err><![CDATA[SLF4J: Failed to load class "org.slf4j.impl.StaticLoggerBinder".
SLF4J: Defaulting to no-operation (NOP) logger implementation
SLF4J: See http://www.slf4j.org/codes.html#StaticLoggerBinder for further details.
]]></system-err>
  </testcase>
  <testcase name="runScenario[&quot;Invalid Login With JSON Test Data&quot;, &quot;Login&quot;](1)" classname="runners.NegativeTestRunner" time="36.145">
    <system-out><![CDATA[
&amp#27;[31mFailed scenarios:&amp#27;[0m
file:///C:/Users/SrujanKumarReddyM(TA/CucumberFrameWork/cucu/src/test/resources/features/Login.feature:16 # Valid Login

1 Scenarios (&amp#27;[31m1 failed&amp#27;[0m)
2 Steps (&amp#27;[31m1 failed&amp#27;[0m, &amp#27;[32m1 passed&amp#27;[0m)
1m43.861s


java.lang.AssertionError: expected [true] but found [false]
	at org.testng.Assert.fail(Assert.java:111)
	at org.testng.Assert.failNotEquals(Assert.java:1578)
	at org.testng.Assert.assertTrue(Assert.java:57)
	at org.testng.Assert.assertTrue(Assert.java:67)
	at stepdefinitions.LoginSteps.verify_login_screen_is_displayed(LoginSteps.java:46)
	at ?.verify login screen is displayed(file:///C:/Users/SrujanKumarReddyM(TA/CucumberFrameWork/cucu/src/test/resources/features/Login.feature:18)



@negative
Scenario Outline: Invalid Login With JSON Test Data                            &amp#27;[90m# src/test/resources/features/Login.feature:10&amp#27;[0m

@negative
Scenario Outline: Invalid Login With JSON Test Data                            &amp#27;[90m# src/test/resources/features/Login.feature:11&amp#27;[0m

@negative
Scenario Outline: Invalid Login With JSON Test Data                                       &amp#27;[90m# src/test/resources/features/Login.feature:12&amp#27;[0m
  &amp#27;[32mGiven &amp#27;[0m&amp#27;[32mUser logs in with invalid credentials from test data &amp#27;[0m&amp#27;[32m&amp#27;[1m"invalidUsername"&amp#27;[0m &amp#27;[90m# stepdefinitions.LoginSteps.userLogsInWithInvalidCredentialsFromTestData(java.lang.String)&amp#27;[0m
  &amp#27;[32mThen &amp#27;[0m&amp#27;[32mUser should see the invalid login error from test data&amp#27;[0m                  &amp#27;[90m# stepdefinitions.LoginSteps.userShouldSeeTheInvalidLoginErrorFromTestData()&amp#27;[0m
]]></system-out>
  </testcase>
  <testcase name="runScenario[&quot;Invalid Login With JSON Test Data&quot;, &quot;Login&quot;](2)" classname="runners.NegativeTestRunner" time="43.16">
    <system-out><![CDATA[  &amp#27;[32mGiven &amp#27;[0m&amp#27;[32mUser logs in with invalid credentials from test data &amp#27;[0m&amp#27;[32m&amp#27;[1m"invalidPassword"&amp#27;[0m &amp#27;[90m# stepdefinitions.LoginSteps.userLogsInWithInvalidCredentialsFromTestData(java.lang.String)&amp#27;[0m
  &amp#27;[32mGiven &amp#27;[0m&amp#27;[32mUser logs in with invalid credentials from test data &amp#27;[0m&amp#27;[32m&amp#27;[1m"invalidUsernameAndPassword"&amp#27;[0m &amp#27;[90m# stepdefinitions.LoginSteps.userLogsInWithInvalidCredentialsFromTestData(java.lang.String)&amp#27;[0m
  &amp#27;[32mThen &amp#27;[0m&amp#27;[32mUser should see the invalid login error from test data&amp#27;[0m                  &amp#27;[90m# stepdefinitions.LoginSteps.userShouldSeeTheInvalidLoginErrorFromTestData()&amp#27;[0m
  &amp#27;[32mThen &amp#27;[0m&amp#27;[32mUser should see the invalid login error from test data&amp#27;[0m                             &amp#27;[90m# stepdefinitions.LoginSteps.userShouldSeeTheInvalidLoginErrorFromTestData()&amp#27;[0m
]]></system-out>
  </testcase>
  <testcase name="runScenario[&quot;Invalid Login With JSON Test Data&quot;, &quot;Login&quot;](3)" classname="runners.NegativeTestRunner" time="43.606"/>
</testsuite>