<?xml version="1.0" encoding="UTF-8"?>
<testng-results ignored="0" total="4" passed="3" failed="1" skipped="0">
  <reporter-output>
  </reporter-output>
  <suite started-at="2026-03-25T11:24:14 IST" name="Cucumber Regression Suite" finished-at="2026-03-25T11:26:44 IST" duration-ms="149752">
    <groups>
      <group name="cucumber">
        <method signature="AbstractTestNGCucumberTests.runScenario(io.cucumber.testng.PickleWrapper,io.cucumber.testng.FeatureWrapper)[pri:0, instance:runners.SmokeTestRunner@2d1ef81a]" name="runScenario" class="io.cucumber.testng.AbstractTestNGCucumberTests"/>
        <method signature="AbstractTestNGCucumberTests.runScenario(io.cucumber.testng.PickleWrapper,io.cucumber.testng.FeatureWrapper)[pri:0, instance:runners.NegativeTestRunner@d35dea7]" name="runScenario" class="io.cucumber.testng.AbstractTestNGCucumberTests"/>
      </group> <!-- cucumber -->
    </groups>
    <test started-at="2026-03-25T11:24:14 IST" name="Smoke Suite" finished-at="2026-03-25T11:26:00 IST" duration-ms="105437">
      <class name="runners.SmokeTestRunner">
        <test-method is-config="true" signature="setUpClass(org.testng.ITestContext)[pri:0, instance:runners.SmokeTestRunner@2d1ef81a]" started-at="2026-03-25T11:24:15 IST" name="setUpClass" finished-at="2026-03-25T11:24:16 IST" duration-ms="1348" status="PASS">
          <params>
            <param index="0">
              <value>
                <![CDATA[org.testng.TestRunner@49c7b90e]]>
              </value>
            </param>
          </params>
          <reporter-output>
          </reporter-output>
        </test-method> <!-- setUpClass -->
        <test-method is-config="true" signature="applySuiteParameters(org.testng.ITestContext)[pri:0, instance:runners.SmokeTestRunner@2d1ef81a]" started-at="2026-03-25T11:24:16 IST" name="applySuiteParameters" finished-at="2026-03-25T11:24:16 IST" duration-ms="1" status="PASS">
          <params>
            <param index="0">
              <value>
                <![CDATA[org.testng.TestRunner@49c7b90e]]>
              </value>
            </param>
          </params>
          <reporter-output>
          </reporter-output>
        </test-method> <!-- applySuiteParameters -->
        <test-method signature="runScenario(io.cucumber.testng.PickleWrapper,io.cucumber.testng.FeatureWrapper)[pri:0, instance:runners.SmokeTestRunner@2d1ef81a]" started-at="2026-03-25T11:24:16 IST" name="runScenario" description="Runs Cucumber Scenarios" data-provider="scenarios" finished-at="2026-03-25T11:26:00 IST" duration-ms="103523" status="FAIL">
          <params>
            <param index="0">
              <value>
                <![CDATA["Valid Login"]]>
              </value>
            </param>
            <param index="1">
              <value>
                <![CDATA["Login"]]>
              </value>
            </param>
          </params>
          <exception class="java.lang.AssertionError">
            <message>
              <![CDATA[expected [true] but found [false]]]>
            </message>
            <full-stacktrace>
              <![CDATA[java.lang.AssertionError: expected [true] but found [false]
at org.testng.Assert.fail(Assert.java:111)
at org.testng.Assert.failNotEquals(Assert.java:1578)
at org.testng.Assert.assertTrue(Assert.java:57)
at org.testng.Assert.assertTrue(Assert.java:67)
at stepdefinitions.LoginSteps.verify_login_screen_is_displayed(LoginSteps.java:46)
at ✽.verify login screen is displayed(file:///C:/Users/SrujanKumarReddyM(TA/CucumberFrameWork/cucu/src/test/resources/features/Login.feature:18)
]]>
            </full-stacktrace>
          </exception> <!-- java.lang.AssertionError -->
          <reporter-output>
          </reporter-output>
        </test-method> <!-- runScenario -->
        <test-method is-config="true" signature="clearSuiteParameters()[pri:0, instance:runners.SmokeTestRunner@2d1ef81a]" started-at="2026-03-25T11:26:00 IST" name="clearSuiteParameters" finished-at="2026-03-25T11:26:00 IST" duration-ms="2" status="PASS">
          <reporter-output>
          </reporter-output>
        </test-method> <!-- clearSuiteParameters -->
        <test-method is-config="true" signature="tearDownClass()[pri:0, instance:runners.SmokeTestRunner@2d1ef81a]" started-at="2026-03-25T11:26:00 IST" name="tearDownClass" finished-at="2026-03-25T11:26:00 IST" duration-ms="16" status="PASS">
          <reporter-output>
          </reporter-output>
        </test-method> <!-- tearDownClass -->
      </class> <!-- runners.SmokeTestRunner -->
    </test> <!-- Smoke Suite -->
    <test started-at="2026-03-25T11:26:00 IST" name="Negative Suite" finished-at="2026-03-25T11:26:44 IST" duration-ms="44166">
      <class name="runners.NegativeTestRunner">
        <test-method is-config="true" signature="setUpClass(org.testng.ITestContext)[pri:0, instance:runners.NegativeTestRunner@d35dea7]" started-at="2026-03-25T11:26:00 IST" name="setUpClass" finished-at="2026-03-25T11:26:00 IST" duration-ms="37" status="PASS">
          <params>
            <param index="0">
              <value>
                <![CDATA[org.testng.TestRunner@10d307f1]]>
              </value>
            </param>
          </params>
          <reporter-output>
          </reporter-output>
        </test-method> <!-- setUpClass -->
        <test-method is-config="true" signature="applySuiteParameters(org.testng.ITestContext)[pri:0, instance:runners.NegativeTestRunner@d35dea7]" started-at="2026-03-25T11:26:00 IST" name="applySuiteParameters" finished-at="2026-03-25T11:26:00 IST" duration-ms="11" status="PASS">
          <params>
            <param index="0">
              <value>
                <![CDATA[org.testng.TestRunner@10d307f1]]>
              </value>
            </param>
          </params>
          <reporter-output>
          </reporter-output>
        </test-method> <!-- applySuiteParameters -->
        <test-method signature="runScenario(io.cucumber.testng.PickleWrapper,io.cucumber.testng.FeatureWrapper)[pri:0, instance:runners.NegativeTestRunner@d35dea7]" started-at="2026-03-25T11:26:00 IST" name="runScenario" description="Runs Cucumber Scenarios" data-provider="scenarios" finished-at="2026-03-25T11:26:44 IST" duration-ms="43644" status="PASS">
          <params>
            <param index="0">
              <value>
                <![CDATA["Invalid Login With JSON Test Data"]]>
              </value>
            </param>
            <param index="1">
              <value>
                <![CDATA["Login"]]>
              </value>
            </param>
          </params>
          <reporter-output>
          </reporter-output>
        </test-method> <!-- runScenario -->
        <test-method is-config="true" signature="applySuiteParameters(org.testng.ITestContext)[pri:0, instance:runners.NegativeTestRunner@d35dea7]" started-at="2026-03-25T11:26:00 IST" name="applySuiteParameters" finished-at="2026-03-25T11:26:00 IST" duration-ms="6" status="PASS">
          <params>
            <param index="0">
              <value>
                <![CDATA[org.testng.TestRunner@10d307f1]]>
              </value>
            </param>
          </params>
          <reporter-output>
          </reporter-output>
        </test-method> <!-- applySuiteParameters -->
        <test-method signature="runScenario(io.cucumber.testng.PickleWrapper,io.cucumber.testng.FeatureWrapper)[pri:0, instance:runners.NegativeTestRunner@d35dea7]" started-at="2026-03-25T11:26:00 IST" name="runScenario" description="Runs Cucumber Scenarios" data-provider="scenarios" finished-at="2026-03-25T11:26:44 IST" duration-ms="44080" status="PASS">
          <params>
            <param index="0">
              <value>
                <![CDATA["Invalid Login With JSON Test Data"]]>
              </value>
            </param>
            <param index="1">
              <value>
                <![CDATA["Login"]]>
              </value>
            </param>
          </params>
          <reporter-output>
          </reporter-output>
        </test-method> <!-- runScenario -->
        <test-method is-config="true" signature="applySuiteParameters(org.testng.ITestContext)[pri:0, instance:runners.NegativeTestRunner@d35dea7]" started-at="2026-03-25T11:26:00 IST" name="applySuiteParameters" finished-at="2026-03-25T11:26:00 IST" duration-ms="0" status="PASS">
          <params>
            <param index="0">
              <value>
                <![CDATA[org.testng.TestRunner@10d307f1]]>
              </value>
            </param>
          </params>
          <reporter-output>
          </reporter-output>
        </test-method> <!-- applySuiteParameters -->
        <test-method signature="runScenario(io.cucumber.testng.PickleWrapper,io.cucumber.testng.FeatureWrapper)[pri:0, instance:runners.NegativeTestRunner@d35dea7]" started-at="2026-03-25T11:26:00 IST" name="runScenario" description="Runs Cucumber Scenarios" data-provider="scenarios" finished-at="2026-03-25T11:26:37 IST" duration-ms="36617" status="PASS">
          <params>
            <param index="0">
              <value>
                <![CDATA["Invalid Login With JSON Test Data"]]>
              </value>
            </param>
            <param index="1">
              <value>
                <![CDATA["Login"]]>
              </value>
            </param>
          </params>
          <reporter-output>
          </reporter-output>
        </test-method> <!-- runScenario -->
        <test-method is-config="true" signature="clearSuiteParameters()[pri:0, instance:runners.NegativeTestRunner@d35dea7]" started-at="2026-03-25T11:26:37 IST" name="clearSuiteParameters" finished-at="2026-03-25T11:26:37 IST" duration-ms="1" status="PASS">
          <reporter-output>
          </reporter-output>
        </test-method> <!-- clearSuiteParameters -->
        <test-method is-config="true" signature="clearSuiteParameters()[pri:0, instance:runners.NegativeTestRunner@d35dea7]" started-at="2026-03-25T11:26:44 IST" name="clearSuiteParameters" finished-at="2026-03-25T11:26:44 IST" duration-ms="0" status="PASS">
          <reporter-output>
          </reporter-output>
        </test-method> <!-- clearSuiteParameters -->
        <test-method is-config="true" signature="clearSuiteParameters()[pri:0, instance:runners.NegativeTestRunner@d35dea7]" started-at="2026-03-25T11:26:44 IST" name="clearSuiteParameters" finished-at="2026-03-25T11:26:44 IST" duration-ms="0" status="PASS">
          <reporter-output>
          </reporter-output>
        </test-method> <!-- clearSuiteParameters -->
        <test-method is-config="true" signature="tearDownClass()[pri:0, instance:runners.NegativeTestRunner@d35dea7]" started-at="2026-03-25T11:26:44 IST" name="tearDownClass" finished-at="2026-03-25T11:26:44 IST" duration-ms="1" status="PASS">
          <reporter-output>
          </reporter-output>
        </test-method> <!-- tearDownClass -->
      </class> <!-- runners.NegativeTestRunner -->
    </test> <!-- Negative Suite -->
  </suite> <!-- Cucumber Regression Suite -->
</testng-results>
